1522662958349	geckodriver	INFO	geckodriver 0.19.1
1522662958355	geckodriver	INFO	Listening on 127.0.0.1:51422
1522662961370	mozrunner::runner	INFO	Running command: "E:\\Mozilla Firefox\\firefox.exe" "-marionette" "-profile" "C:\\Users\\chenyz\\AppData\\Local\\Temp\\rust_mozprofile.tab7JS2DRjwP"
1522662962178	Marionette	INFO	Enabled via --marionette
Unable to read VR Path Registry from C:\Users\chenyz\AppData\Local\openvr\openvrpaths.vrpath
[Child 45428, Chrome_ChildThread] WARNING: pipe error: 109: file z:/build/build/src/ipc/chromium/src/chrome/common/ipc_channel_win.cc, line 346
[Child 45428, Chrome_ChildThread] WARNING: pipe error: 109: file z:/build/build/src/ipc/chromium/src/chrome/common/ipc_channel_win.cc, line 346
1522662963862	Marionette	INFO	Listening on port 51434
1522662964478	Marionette	WARN	TLS certificate errors will be ignored for this session
1522662964518	Marionette	DEBUG	Register listener.js for window 4294967297
1522662964544	Marionette	DEBUG	Received DOM event "beforeunload" for "about:blank"
1522662964642	Marionette	DEBUG	Received DOM event "pagehide" for "about:blank"
1522662964642	Marionette	DEBUG	Received DOM event "unload" for "about:blank"
1522662964817	Marionette	DEBUG	Received DOM event "DOMContentLoaded" for "https://www.baidu.com/"
1522662964856	Marionette	DEBUG	Received DOM event "pageshow" for "https://www.baidu.com/"
Unable to read VR Path Registry from C:\Users\chenyz\AppData\Local\openvr\openvrpaths.vrpath
JavaScript error: https://sp0.baidu.com/5a1Fazu8AA54nxGko9WTAnF6hhy/su?wd=unit&json=1&p=3&sid=1461_21118_20928&req=2&csor=4&pwd=uni&cb=jQuery1102015614706067458828_1522662964742&_=1522662964747, line 1: TypeError: jQuery1102015614706067458828_1522662964742 is not a function
JavaScript error: https://sp0.baidu.com/5a1Fazu8AA54nxGko9WTAnF6hhy/su?wd=unitt&json=1&p=3&sid=1461_21118_20928&req=2&csor=5&pwd=unit&cb=jQuery1102015614706067458828_1522662964742&_=1522662964748, line 1: TypeError: jQuery1102015614706067458828_1522662964742 is not a function
JavaScript error: https://sp0.baidu.com/5a1Fazu8AA54nxGko9WTAnF6hhy/su?wd=un&json=1&p=3&sid=1461_21118_20928&req=2&csor=2&pwd=u&cb=jQuery1102015614706067458828_1522662964742&_=1522662964745, line 1: TypeError: jQuery1102015614706067458828_1522662964742 is not a function
JavaScript error: https://sp0.baidu.com/5a1Fazu8AA54nxGko9WTAnF6hhy/su?wd=unitte&json=1&p=3&sid=1461_21118_20928&req=2&csor=6&pwd=unitt&cb=jQuery1102015614706067458828_1522662964742&_=1522662964749, line 1: TypeError: jQuery1102015614706067458828_1522662964742 is not a function
JavaScript error: https://sp0.baidu.com/5a1Fazu8AA54nxGko9WTAnF6hhy/su?wd=unittes&json=1&p=3&sid=1461_21118_20928&req=2&csor=7&pwd=unitte&cb=jQuery1102015614706067458828_1522662964742&_=1522662964750, line 1: TypeError: jQuery1102015614706067458828_1522662964742 is not a function
1522662965186	Marionette	DEBUG	Canceled page load listener because no navigation has been detected
JavaScript error: https://sp0.baidu.com/5a1Fazu8AA54nxGko9WTAnF6hhy/su?wd=unittest&json=1&p=3&sid=1461_21118_20928&req=2&csor=8&pwd=unittes&cb=jQuery1102015614706067458828_1522662964742&_=1522662964751, line 1: TypeError: jQuery1102015614706067458828_1522662964742 is not a function
Unable to read VR Path Registry from C:\Users\chenyz\AppData\Local\openvr\openvrpaths.vrpath
[Child 45892, Chrome_ChildThread] WARNING: pipe error: 109: file z:/build/build/src/ipc/chromium/src/chrome/common/ipc_channel_win.cc, line 346
371, line 1: TypeError: jQuery11020978485623830789_1522662760364 is not a function
1522662760987	Marionette	DEBUG	Canceled page load listener because no navigation has been detected
